<?xml version="1.0" encoding="UTF-8"?>
<!-- Generated by org.testng.reporters.JUnitReportReporter -->
<testsuite skipped="0" hostname="CDC2-LX-1MX6QQ2" name="pack.NewTest" tests="1" failures="0" timestamp="08 Mar 2019 05:17:31 GMT" time="5.085" errors="0">
  <testcase name="f" time="5.085" classname="pack.NewTest"/>
</testsuite> <!-- pack.NewTest -->
